<?xml version="1.0" encoding="UTF-8"?>
<testsuite name="anadirCarroCompras.AddCarTest" tests="1" skipped="0" failures="0" errors="0" timestamp="2021-07-14T03:01:41" hostname="LAPTOP-5BKIA2OA" time="5.774">
  <properties/>
  <testcase name="category()" classname="anadirCarroCompras.AddCarTest" time="5.774"/>
  <system-out><![CDATA[]]></system-out>
  <system-err><![CDATA[Starting ChromeDriver 91.0.4472.101 (af52a90bf87030dd1523486a1cd3ae25c5d76c9b-refs/branch-heads/4472@{#1462}) on port 34886
Only local connections are allowed.
Please see https://chromedriver.chromium.org/security-considerations for suggestions on keeping ChromeDriver safe.
ChromeDriver was started successfully.
jul. 13, 2021 10:01:38 P. M. org.openqa.selenium.remote.ProtocolHandshake createSession
INFORMACIÓN: Detected dialect: W3C
]]></system-err>
</testsuite>
